{
  "RSpec": {
    "coverage": {
      "/Users/arnold/Projects/boris_bikes/spec/van_spec.rb": [
        1,
        null,
        1,
        2,
        2,
        4,
        4,
        null,
        1,
        2,
        null,
        1,
        1,
        1,
        null,
        1,
        1,
        null,
        null,
        1,
        1,
        null,
        1,
        null,
        1,
        null,
        null,
        null,
        1,
        2,
        null,
        3,
        3,
        3,
        null,
        1,
        1,
        null,
        1,
        1,
        1,
        null,
        null,
        1,
        1,
        1,
        null,
        1,
        1,
        1,
        null,
        null,
        null
      ],
      "/Users/arnold/Projects/boris_bikes/lib/van.rb": [
        1,
        null,
        1,
        1,
        null,
        1,
        6,
        null,
        null,
        null,
        1,
        null,
        4,
        null,
        null,
        1,
        2,
        null,
        null,
        null
      ],
      "/Users/arnold/Projects/boris_bikes/lib/docking_station.rb": [
        1,
        null,
        1,
        null,
        1,
        null,
        1,
        null,
        1,
        0,
        0,
        null,
        null,
        null,
        1,
        0,
        0,
        0,
        null,
        null,
        1,
        0,
        0,
        null,
        null,
        1,
        0,
        null,
        0,
        0,
        null,
        null,
        0,
        null,
        null,
        1,
        0,
        null,
        null,
        1,
        null,
        1,
        0,
        null,
        null,
        1,
        0,
        null,
        null,
        null
      ],
      "/Users/arnold/Projects/boris_bikes/lib/bike.rb": [
        1,
        1,
        0,
        null,
        null,
        1,
        0,
        null,
        null,
        1,
        0,
        null,
        null,
        1,
        0,
        null,
        null
      ]
    },
    "timestamp": 1456224459
  }
}
