{
  "RSpec": {
    "coverage": {
      "/Users/arnold/Projects/boris_bikes/spec/bike_spec.rb": [
        1,
        null,
        1,
        4,
        null,
        1,
        1,
        1,
        null,
        null,
        null,
        1,
        1,
        1,
        1,
        null,
        null,
        null,
        1,
        1,
        1,
        1,
        1,
        null,
        null,
        null
      ],
      "/Users/arnold/Projects/boris_bikes/lib/bike.rb": [
        1,
        1,
        7,
        null,
        null,
        1,
        9,
        null,
        null,
        1,
        4,
        null,
        null,
        1,
        3,
        null,
        null
      ],
      "/Users/arnold/Projects/boris_bikes/spec/docking_station_spec.rb": [
        1,
        null,
        1,
        13,
        10,
        7,
        2,
        null,
        1,
        1,
        1,
        null,
        null,
        1,
        1,
        null,
        null,
        null,
        1,
        1,
        2,
        null,
        null,
        1,
        1,
        2,
        null,
        null,
        1,
        1,
        1,
        1,
        1,
        null,
        null,
        null,
        1,
        1,
        1,
        1,
        null,
        null,
        1,
        21,
        2,
        null,
        null,
        1,
        1,
        1,
        1,
        null,
        null,
        null,
        1,
        1,
        3,
        3,
        3,
        null,
        null,
        1,
        1,
        1,
        null,
        null,
        1,
        1,
        1,
        null,
        null,
        1,
        1,
        2,
        null,
        null,
        null,
        1,
        1,
        1,
        1,
        null,
        null,
        1,
        1,
        1,
        1,
        null,
        null,
        null
      ],
      "/Users/arnold/Projects/boris_bikes/lib/docking_station.rb": [
        1,
        1,
        1,
        null,
        1,
        1,
        null,
        1,
        null,
        1,
        14,
        14,
        null,
        null,
        1,
        7,
        13,
        1,
        null,
        null,
        1,
        41,
        40,
        40,
        null,
        null,
        1,
        5,
        5,
        10,
        null,
        5,
        null,
        null,
        1,
        3,
        null,
        null,
        1,
        1,
        41,
        null,
        null,
        1,
        7,
        null,
        null,
        null
      ],
      "/Users/arnold/Projects/boris_bikes/lib/van.rb": [
        1,
        1,
        null,
        1,
        5,
        null,
        null,
        1,
        6,
        null,
        null,
        1,
        4,
        null,
        null,
        null
      ],
      "/Users/arnold/Projects/boris_bikes/lib/garage.rb": [
        1,
        1,
        null,
        1,
        5,
        null,
        null,
        1,
        4,
        4,
        null,
        null,
        1,
        2,
        null,
        null,
        1,
        1,
        4,
        null,
        null
      ],
      "/Users/arnold/Projects/boris_bikes/spec/feature_spec.rb": [
        1,
        null,
        1,
        1,
        1,
        1,
        1,
        1,
        1,
        1,
        null,
        1,
        1,
        1,
        1,
        1,
        1,
        1,
        1,
        1,
        1,
        1,
        1,
        1,
        1,
        1,
        1,
        1,
        1,
        1,
        null,
        null
      ],
      "/Users/arnold/Projects/boris_bikes/spec/garage_spec.rb": [
        1,
        null,
        1,
        5,
        4,
        4,
        null,
        1,
        1,
        1,
        null,
        null,
        null,
        1,
        1,
        1,
        1,
        null,
        null,
        1,
        1,
        1,
        null,
        null,
        null,
        1,
        1,
        1,
        1,
        1,
        null,
        null,
        null
      ],
      "/Users/arnold/Projects/boris_bikes/spec/van_spec.rb": [
        1,
        null,
        1,
        5,
        4,
        4,
        5,
        null,
        1,
        1,
        1,
        1,
        1,
        null,
        null,
        1,
        1,
        1,
        1,
        null,
        null,
        null,
        1,
        1,
        1,
        1,
        1,
        1,
        null,
        null,
        1,
        1,
        1,
        1,
        1,
        null,
        null,
        null
      ]
    },
    "timestamp": 1456230239
  }
}
